<?xml version="1.0" encoding="UTF-8"?>
<!-- Generated by org.testng.reporters.JUnitXMLReporter -->
<testsuite hostname="LAPTOP-SDLQ3M27" ignored="3" name="CarlLoan" tests="3" failures="0" timestamp="2021-02-25T18:08:42 IST" time="0.006" errors="0">
  <testcase name="TestCase_2" time="0.001" classname="COM.SELENIUM.TOPICS._36_TestNGPriorty"/>
  <testcase name="TestCase_3" time="0.002" classname="COM.SELENIUM.TOPICS._36_TestNGPriorty"/>
  <testcase name="TestCase_1" time="0.003" classname="COM.SELENIUM.TOPICS._36_TestNGPriorty"/>
  <testcase name="Case_6" time="0.0" classname="COM.SELENIUM.TOPICS._36_TestNGPriorty">
    <ignored/>
  </testcase> <!-- Case_6 -->
  <testcase name="TestCase_4" time="0.0" classname="COM.SELENIUM.TOPICS._36_TestNGPriorty">
    <ignored/>
  </testcase> <!-- TestCase_4 -->
  <testcase name="Case_5" time="0.0" classname="COM.SELENIUM.TOPICS._36_TestNGPriorty">
    <ignored/>
  </testcase> <!-- Case_5 -->
</testsuite> <!-- CarlLoan -->
