<?xml version="1.0" encoding="UTF-8"?>
<!-- Generated by org.testng.reporters.JUnitXMLReporter -->
<testsuite ignored="3" hostname="LAPTOP-SDLQ3M27" failures="0" tests="3" name="CarlLoan" time="0.006" errors="0" timestamp="2021-01-23T13:47:50 IST">
  <testcase classname="COM.SELENIUM.TOPICS._36_TestNGPriorty" name="TestCase_1" time="0.001"/>
  <testcase classname="COM.SELENIUM.TOPICS._36_TestNGPriorty" name="TestCase_2" time="0.002"/>
  <testcase classname="COM.SELENIUM.TOPICS._36_TestNGPriorty" name="TestCase_3" time="0.001"/>
  <testcase classname="COM.SELENIUM.TOPICS._36_TestNGPriorty" name="Case_6" time="0.0">
    <ignored/>
  </testcase> <!-- Case_6 -->
  <testcase classname="COM.SELENIUM.TOPICS._36_TestNGPriorty" name="TestCase_4" time="0.0">
    <ignored/>
  </testcase> <!-- TestCase_4 -->
  <testcase classname="COM.SELENIUM.TOPICS._36_TestNGPriorty" name="Case_5" time="0.0">
    <ignored/>
  </testcase> <!-- Case_5 -->
</testsuite> <!-- CarlLoan -->
