<?xml version="1.0" encoding="UTF-8"?>
<!-- Generated by org.testng.reporters.JUnitXMLReporter -->
<testsuite ignored="0" hostname="LAPTOP-SDLQ3M27" failures="1" tests="2" name="PersonalLoan" time="16.447" errors="0" timestamp="2021-01-23T15:32:49 IST">
  <testcase classname="COM.SELENIUM.TOPICS._22_HardAssert" name="HardAssert" time="8.316">
    <skipped/>
  </testcase> <!-- HardAssert -->
  <testcase classname="COM.SELENIUM.TOPICS._22_HardAssert" name="HardAssert" time="7.687">
    <failure type="java.lang.AssertionError" message="expected [Ho] but found [Home]">
      <![CDATA[java.lang.AssertionError: expected [Ho] but found [Home]
at COM.SELENIUM.TOPICS._22_HardAssert.HardAssert(_22_HardAssert.java:37)
at java.base/java.util.ArrayList.forEach(ArrayList.java:1511)
... Removed 33 stack frames]]>
    </failure>
  </testcase> <!-- HardAssert -->
</testsuite> <!-- PersonalLoan -->
