<?xml version="1.0" encoding="UTF-8"?>
<!-- Generated by org.testng.reporters.JUnitXMLReporter -->
<testsuite ignored="0" hostname="LAPTOP-SDLQ3M27" failures="0" tests="3" name="Default test" time="24.284" errors="0" timestamp="2021-01-23T15:31:30 IST">
  <testcase classname="COM.SELENIUM.TOPICS._47_TestNGDataProvider" name="DataProvider" time="8.651"/>
  <testcase classname="COM.SELENIUM.TOPICS._47_TestNGDataProvider" name="DataProvider" time="7.757"/>
  <testcase classname="COM.SELENIUM.TOPICS._47_TestNGDataProvider" name="DataProvider" time="7.844"/>
</testsuite> <!-- Default test -->
