<?xml version="1.0" encoding="UTF-8"?>
<!-- Generated by org.testng.reporters.JUnitXMLReporter -->
<testsuite ignored="0" hostname="LAPTOP-SDLQ3M27" failures="1" tests="2" name="Test1" time="21.223" errors="0" timestamp="2021-01-23T13:18:44 IST">
  <testcase classname="COM.SELENIUM.TOPICS._22_HardAssert" name="Invoke_Browser" time="10.832">
    <skipped/>
  </testcase> <!-- Invoke_Browser -->
  <testcase classname="COM.SELENIUM.TOPICS._22_HardAssert" name="Invoke_Browser" time="9.922">
    <failure type="java.lang.AssertionError" message="expected [Ho] but found [Home]">
      <![CDATA[java.lang.AssertionError: expected [Ho] but found [Home]
at COM.SELENIUM.TOPICS._22_HardAssert.Invoke_Browser(_22_HardAssert.java:37)
at java.base/java.util.ArrayList.forEach(ArrayList.java:1511)
... Removed 33 stack frames]]>
    </failure>
  </testcase> <!-- Invoke_Browser -->
</testsuite> <!-- Test1 -->
