<?xml version="1.0" encoding="UTF-8"?>
<testng-results skipped="0" failed="0" ignored="0" total="1" passed="1">
  <reporter-output>
  </reporter-output>
  <suite name="Default suite" duration-ms="10650" started-at="2021-03-01T00:44:49 IST" finished-at="2021-03-01T00:44:59 IST">
    <groups>
    </groups>
    <test name="Default test" duration-ms="10650" started-at="2021-03-01T00:44:49 IST" finished-at="2021-03-01T00:44:59 IST">
      <class name="COM.SELENIUM.TOPICS._34_WindowHandling">
        <test-method status="PASS" signature="WindowHandling()[pri:0, instance:COM.SELENIUM.TOPICS._34_WindowHandling@8dbdac1]" name="WindowHandling" duration-ms="10621" started-at="2021-03-01T00:44:49 IST" finished-at="2021-03-01T00:44:59 IST">
          <reporter-output>
          </reporter-output>
        </test-method> <!-- WindowHandling -->
      </class> <!-- COM.SELENIUM.TOPICS._34_WindowHandling -->
    </test> <!-- Default test -->
  </suite> <!-- Default suite -->
</testng-results>
